<?xml version="1.0" encoding="UTF-8"?>
<!-- Generated by org.testng.reporters.JUnitXMLReporter -->
<testsuite ignored="16" hostname="Neepa-Laptop" failures="0" tests="7" name="Test" time="45.311" errors="0" timestamp="2024-04-06T09:13:26 MST">
  <testcase classname="tests.Test_Verify_Custoemr_Profile" name="verify_customer_first_name" time="15.2"/>
  <testcase classname="tests.Test_Verify_Custoemr_Profile" name="verify_customer_last_name" time="11.244"/>
  <testcase classname="tests.Test_Create_Order" name="create_order_test" time="4.88"/>
  <testcase classname="tests.Test_Customer_Login" name="login_as_Customer" time="4.778"/>
  <testcase classname="tests.Test_Customer_Login" name="login_as_customer" time="2.458"/>
  <testcase classname="tests.Test_Employee_Login" name="login_as_Employee" time="2.329"/>
  <testcase classname="tests.Test_Employee_Login" name="login_as_Employee2" time="2.767"/>
  <testcase classname="base.Base" name="@BeforeSuite startUp" time="0.0">
    <ignored/>
  </testcase> <!-- @BeforeSuite startUp -->
  <testcase classname="base.Base" name="@AfterSuite tearDown" time="0.0">
    <ignored/>
  </testcase> <!-- @AfterSuite tearDown -->
  <testcase classname="base.Base" name="@BeforeTest beforeTest" time="0.0">
    <ignored/>
  </testcase> <!-- @BeforeTest beforeTest -->
  <testcase classname="base.Base" name="@AfterTest afterTest" time="0.0">
    <ignored/>
  </testcase> <!-- @AfterTest afterTest -->
  <testcase classname="base.Base" name="@AfterSuite tearDown" time="0.0">
    <ignored/>
  </testcase> <!-- @AfterSuite tearDown -->
  <testcase classname="base.Base" name="@BeforeTest beforeTest" time="0.0">
    <ignored/>
  </testcase> <!-- @BeforeTest beforeTest -->
  <testcase classname="base.Base" name="@BeforeSuite startUp" time="0.0">
    <ignored/>
  </testcase> <!-- @BeforeSuite startUp -->
  <testcase classname="base.Base" name="@BeforeSuite startUp" time="0.0">
    <ignored/>
  </testcase> <!-- @BeforeSuite startUp -->
  <testcase classname="base.Base" name="@AfterSuite tearDown" time="0.0">
    <ignored/>
  </testcase> <!-- @AfterSuite tearDown -->
  <testcase classname="base.Base" name="@AfterSuite tearDown" time="0.0">
    <ignored/>
  </testcase> <!-- @AfterSuite tearDown -->
  <testcase classname="base.Base" name="@BeforeSuite startUp" time="0.0">
    <ignored/>
  </testcase> <!-- @BeforeSuite startUp -->
  <testcase classname="base.Base" name="@AfterTest afterTest" time="0.0">
    <ignored/>
  </testcase> <!-- @AfterTest afterTest -->
  <testcase classname="base.Base" name="@BeforeTest beforeTest" time="0.0">
    <ignored/>
  </testcase> <!-- @BeforeTest beforeTest -->
  <testcase classname="base.Base" name="@BeforeTest beforeTest" time="0.0">
    <ignored/>
  </testcase> <!-- @BeforeTest beforeTest -->
  <testcase classname="base.Base" name="@AfterTest afterTest" time="0.0">
    <ignored/>
  </testcase> <!-- @AfterTest afterTest -->
  <testcase classname="base.Base" name="@AfterTest afterTest" time="0.0">
    <ignored/>
  </testcase> <!-- @AfterTest afterTest -->
</testsuite> <!-- Test -->
