<?xml version="1.0" encoding="UTF-8"?>
<!-- Generated by org.testng.reporters.JUnitXMLReporter -->
<testsuite ignored="4" hostname="SkySchooling" failures="0" tests="4" name="Smoke" time="5.477" errors="0" timestamp="2023-12-09T13:48:21 CST">
  <testcase classname="tests.Test_Employee_Login" name="login_as_Employee" time="2.394"/>
  <testcase classname="tests.Test_Employee_Login" name="login_as_Employee2" time="1.063"/>
  <testcase classname="tests.Test_Customer_Login" name="login_as_Customer" time="0.851"/>
  <testcase classname="tests.Test_Customer_Login" name="login_as_Customer2" time="0.768"/>
  <testcase classname="base.Base" name="@AfterSuite tearDown" time="0.0">
    <ignored/>
  </testcase> <!-- @AfterSuite tearDown -->
  <testcase classname="base.Base" name="@BeforeSuite startUp" time="0.0">
    <ignored/>
  </testcase> <!-- @BeforeSuite startUp -->
  <testcase classname="base.Base" name="@AfterTest afterTest" time="0.0">
    <ignored/>
  </testcase> <!-- @AfterTest afterTest -->
  <testcase classname="base.Base" name="@BeforeTest beforeTest" time="0.0">
    <ignored/>
  </testcase> <!-- @BeforeTest beforeTest -->
</testsuite> <!-- Smoke -->
