<?xml version="1.0" encoding="UTF-8"?>
<!-- Generated by org.testng.reporters.JUnitXMLReporter -->
<testsuite ignored="2" hostname="SkySchooling" failures="0" tests="2" name="Test Belal" time="2.964" errors="0" timestamp="2023-12-09T13:38:34 CST">
  <testcase classname="tests.Test_Employee_Login" name="login_as_Employee" time="1.712"/>
  <testcase classname="tests.Test_Customer_Login" name="login_as_Customer" time="1.0"/>
  <testcase classname="base.Base" name="@BeforeSuite startUp" time="0.0">
    <ignored/>
  </testcase> <!-- @BeforeSuite startUp -->
  <testcase classname="base.Base" name="@AfterSuite tearDown" time="0.0">
    <ignored/>
  </testcase> <!-- @AfterSuite tearDown -->
</testsuite> <!-- Test Belal -->
