<?xml version="1.0" encoding="UTF-8"?>
<testng-results ignored="16" total="23" passed="7" failed="0" skipped="0">
  <reporter-output>
  </reporter-output>
  <suite started-at="2024-04-06T09:12:41 MST" name="Suite" finished-at="2024-04-06T09:13:26 MST" duration-ms="45311">
    <groups>
    </groups>
    <test started-at="2024-04-06T09:12:41 MST" name="Test" finished-at="2024-04-06T09:13:26 MST" duration-ms="45311">
      <class name="tests.Test_Customer_Login">
        <test-method is-config="true" signature="BeforeClass()[pri:0, instance:tests.Test_Customer_Login@53ce1329]" started-at="2024-04-06T09:13:14 MST" name="BeforeClass" finished-at="2024-04-06T09:13:14 MST" duration-ms="0" status="PASS">
          <reporter-output>
          </reporter-output>
        </test-method> <!-- BeforeClass -->
        <test-method is-config="true" signature="beforeMethod()[pri:0, instance:tests.Test_Customer_Login@53ce1329]" started-at="2024-04-06T09:13:14 MST" name="beforeMethod" finished-at="2024-04-06T09:13:14 MST" duration-ms="1" status="PASS">
          <reporter-output>
          </reporter-output>
        </test-method> <!-- beforeMethod -->
        <test-method signature="login_as_Customer()[pri:0, instance:tests.Test_Customer_Login@53ce1329]" started-at="2024-04-06T09:13:14 MST" name="login_as_Customer" finished-at="2024-04-06T09:13:18 MST" duration-ms="4778" status="PASS">
          <reporter-output>
          </reporter-output>
        </test-method> <!-- login_as_Customer -->
        <test-method is-config="true" signature="afterMethod()[pri:0, instance:tests.Test_Customer_Login@53ce1329]" started-at="2024-04-06T09:13:18 MST" name="afterMethod" finished-at="2024-04-06T09:13:18 MST" duration-ms="0" status="PASS">
          <reporter-output>
          </reporter-output>
        </test-method> <!-- afterMethod -->
        <test-method is-config="true" signature="beforeMethod()[pri:0, instance:tests.Test_Customer_Login@53ce1329]" started-at="2024-04-06T09:13:18 MST" name="beforeMethod" finished-at="2024-04-06T09:13:18 MST" duration-ms="1" status="PASS">
          <reporter-output>
          </reporter-output>
        </test-method> <!-- beforeMethod -->
        <test-method signature="login_as_customer()[pri:0, instance:tests.Test_Customer_Login@53ce1329]" started-at="2024-04-06T09:13:18 MST" name="login_as_customer" finished-at="2024-04-06T09:13:21 MST" duration-ms="2458" status="PASS">
          <reporter-output>
          </reporter-output>
        </test-method> <!-- login_as_customer -->
        <test-method is-config="true" signature="afterMethod()[pri:0, instance:tests.Test_Customer_Login@53ce1329]" started-at="2024-04-06T09:13:21 MST" name="afterMethod" finished-at="2024-04-06T09:13:21 MST" duration-ms="3" status="PASS">
          <reporter-output>
          </reporter-output>
        </test-method> <!-- afterMethod -->
        <test-method is-config="true" signature="AfterClass()[pri:0, instance:tests.Test_Customer_Login@53ce1329]" started-at="2024-04-06T09:13:21 MST" name="AfterClass" finished-at="2024-04-06T09:13:21 MST" duration-ms="0" status="PASS">
          <reporter-output>
          </reporter-output>
        </test-method> <!-- AfterClass -->
      </class> <!-- tests.Test_Customer_Login -->
      <class name="tests.Test_Verify_Custoemr_Profile">
        <test-method is-config="true" signature="BeforeClass()[pri:0, instance:tests.Test_Verify_Custoemr_Profile@4803b726]" started-at="2024-04-06T09:12:42 MST" name="BeforeClass" finished-at="2024-04-06T09:12:42 MST" duration-ms="2" status="PASS">
          <reporter-output>
          </reporter-output>
        </test-method> <!-- BeforeClass -->
        <test-method is-config="true" signature="beforeMethod()[pri:0, instance:tests.Test_Verify_Custoemr_Profile@4803b726]" started-at="2024-04-06T09:12:42 MST" name="beforeMethod" finished-at="2024-04-06T09:12:42 MST" duration-ms="2" status="PASS">
          <reporter-output>
          </reporter-output>
        </test-method> <!-- beforeMethod -->
        <test-method signature="verify_customer_first_name()[pri:0, instance:tests.Test_Verify_Custoemr_Profile@4803b726]" started-at="2024-04-06T09:12:42 MST" name="verify_customer_first_name" finished-at="2024-04-06T09:12:57 MST" duration-ms="15200" status="PASS">
          <reporter-output>
          </reporter-output>
        </test-method> <!-- verify_customer_first_name -->
        <test-method is-config="true" signature="afterMethod()[pri:0, instance:tests.Test_Verify_Custoemr_Profile@4803b726]" started-at="2024-04-06T09:12:57 MST" name="afterMethod" finished-at="2024-04-06T09:12:57 MST" duration-ms="97" status="PASS">
          <reporter-output>
          </reporter-output>
        </test-method> <!-- afterMethod -->
        <test-method is-config="true" signature="beforeMethod()[pri:0, instance:tests.Test_Verify_Custoemr_Profile@4803b726]" started-at="2024-04-06T09:12:57 MST" name="beforeMethod" finished-at="2024-04-06T09:12:57 MST" duration-ms="3" status="PASS">
          <reporter-output>
          </reporter-output>
        </test-method> <!-- beforeMethod -->
        <test-method signature="verify_customer_last_name()[pri:0, instance:tests.Test_Verify_Custoemr_Profile@4803b726]" started-at="2024-04-06T09:12:57 MST" name="verify_customer_last_name" finished-at="2024-04-06T09:13:09 MST" duration-ms="11244" status="PASS">
          <reporter-output>
          </reporter-output>
        </test-method> <!-- verify_customer_last_name -->
        <test-method is-config="true" signature="afterMethod()[pri:0, instance:tests.Test_Verify_Custoemr_Profile@4803b726]" started-at="2024-04-06T09:13:09 MST" name="afterMethod" finished-at="2024-04-06T09:13:09 MST" duration-ms="1" status="PASS">
          <reporter-output>
          </reporter-output>
        </test-method> <!-- afterMethod -->
        <test-method is-config="true" signature="AfterClass()[pri:0, instance:tests.Test_Verify_Custoemr_Profile@4803b726]" started-at="2024-04-06T09:13:09 MST" name="AfterClass" finished-at="2024-04-06T09:13:09 MST" duration-ms="2" status="PASS">
          <reporter-output>
          </reporter-output>
        </test-method> <!-- AfterClass -->
      </class> <!-- tests.Test_Verify_Custoemr_Profile -->
      <class name="base.Base">
        <test-method is-config="true" signature="startUp()[pri:0, instance:base.Base@209da20d]" started-at="2024-04-06T09:11:53 MST" name="startUp" finished-at="2024-04-06T09:12:41 MST" duration-ms="48206" status="PASS">
          <reporter-output>
          </reporter-output>
        </test-method> <!-- startUp -->
        <test-method is-config="true" signature="beforeTest()[pri:0, instance:base.Base@209da20d]" started-at="2024-04-06T09:12:41 MST" name="beforeTest" finished-at="2024-04-06T09:12:41 MST" duration-ms="1" status="PASS">
          <reporter-output>
          </reporter-output>
        </test-method> <!-- beforeTest -->
        <test-method is-config="true" signature="afterTest()[pri:0, instance:base.Base@209da20d]" started-at="2024-04-06T09:13:26 MST" name="afterTest" finished-at="2024-04-06T09:13:26 MST" duration-ms="7" status="PASS">
          <reporter-output>
          </reporter-output>
        </test-method> <!-- afterTest -->
        <test-method is-config="true" signature="tearDown()[pri:0, instance:base.Base@209da20d]" started-at="2024-04-06T09:13:27 MST" name="tearDown" finished-at="2024-04-06T09:13:27 MST" duration-ms="387" status="PASS">
          <reporter-output>
          </reporter-output>
        </test-method> <!-- tearDown -->
      </class> <!-- base.Base -->
      <class name="tests.Test_Create_Order">
        <test-method is-config="true" signature="BeforeClass()[pri:0, instance:tests.Test_Create_Order@ffaa6af]" started-at="2024-04-06T09:13:09 MST" name="BeforeClass" finished-at="2024-04-06T09:13:09 MST" duration-ms="1" status="PASS">
          <reporter-output>
          </reporter-output>
        </test-method> <!-- BeforeClass -->
        <test-method is-config="true" signature="beforeMethod()[pri:0, instance:tests.Test_Create_Order@ffaa6af]" started-at="2024-04-06T09:13:09 MST" name="beforeMethod" finished-at="2024-04-06T09:13:09 MST" duration-ms="1" status="PASS">
          <reporter-output>
          </reporter-output>
        </test-method> <!-- beforeMethod -->
        <test-method signature="create_order_test()[pri:0, instance:tests.Test_Create_Order@ffaa6af]" started-at="2024-04-06T09:13:09 MST" name="create_order_test" finished-at="2024-04-06T09:13:14 MST" duration-ms="4880" status="PASS">
          <reporter-output>
          </reporter-output>
        </test-method> <!-- create_order_test -->
        <test-method is-config="true" signature="afterMethod()[pri:0, instance:tests.Test_Create_Order@ffaa6af]" started-at="2024-04-06T09:13:14 MST" name="afterMethod" finished-at="2024-04-06T09:13:14 MST" duration-ms="1" status="PASS">
          <reporter-output>
          </reporter-output>
        </test-method> <!-- afterMethod -->
        <test-method is-config="true" signature="AfterClass()[pri:0, instance:tests.Test_Create_Order@ffaa6af]" started-at="2024-04-06T09:13:14 MST" name="AfterClass" finished-at="2024-04-06T09:13:14 MST" duration-ms="1" status="PASS">
          <reporter-output>
          </reporter-output>
        </test-method> <!-- AfterClass -->
      </class> <!-- tests.Test_Create_Order -->
      <class name="tests.Test_Employee_Login">
        <test-method is-config="true" signature="BeforeClass()[pri:0, instance:tests.Test_Employee_Login@316bcf94]" started-at="2024-04-06T09:13:21 MST" name="BeforeClass" finished-at="2024-04-06T09:13:21 MST" duration-ms="1" status="PASS">
          <reporter-output>
          </reporter-output>
        </test-method> <!-- BeforeClass -->
        <test-method is-config="true" signature="beforeMethod()[pri:0, instance:tests.Test_Employee_Login@316bcf94]" started-at="2024-04-06T09:13:21 MST" name="beforeMethod" finished-at="2024-04-06T09:13:21 MST" duration-ms="9" status="PASS">
          <reporter-output>
          </reporter-output>
        </test-method> <!-- beforeMethod -->
        <test-method signature="login_as_Employee()[pri:0, instance:tests.Test_Employee_Login@316bcf94]" started-at="2024-04-06T09:13:21 MST" name="login_as_Employee" finished-at="2024-04-06T09:13:23 MST" duration-ms="2329" status="PASS">
          <reporter-output>
          </reporter-output>
        </test-method> <!-- login_as_Employee -->
        <test-method is-config="true" signature="afterMethod()[pri:0, instance:tests.Test_Employee_Login@316bcf94]" started-at="2024-04-06T09:13:23 MST" name="afterMethod" finished-at="2024-04-06T09:13:23 MST" duration-ms="1" status="PASS">
          <reporter-output>
          </reporter-output>
        </test-method> <!-- afterMethod -->
        <test-method is-config="true" signature="beforeMethod()[pri:0, instance:tests.Test_Employee_Login@316bcf94]" started-at="2024-04-06T09:13:23 MST" name="beforeMethod" finished-at="2024-04-06T09:13:23 MST" duration-ms="1" status="PASS">
          <reporter-output>
          </reporter-output>
        </test-method> <!-- beforeMethod -->
        <test-method signature="login_as_Employee2()[pri:0, instance:tests.Test_Employee_Login@316bcf94]" started-at="2024-04-06T09:13:23 MST" name="login_as_Employee2" finished-at="2024-04-06T09:13:26 MST" duration-ms="2767" status="PASS">
          <reporter-output>
          </reporter-output>
        </test-method> <!-- login_as_Employee2 -->
        <test-method is-config="true" signature="afterMethod()[pri:0, instance:tests.Test_Employee_Login@316bcf94]" started-at="2024-04-06T09:13:26 MST" name="afterMethod" finished-at="2024-04-06T09:13:26 MST" duration-ms="1" status="PASS">
          <reporter-output>
          </reporter-output>
        </test-method> <!-- afterMethod -->
        <test-method is-config="true" signature="AfterClass()[pri:0, instance:tests.Test_Employee_Login@316bcf94]" started-at="2024-04-06T09:13:26 MST" name="AfterClass" finished-at="2024-04-06T09:13:26 MST" duration-ms="2" status="PASS">
          <reporter-output>
          </reporter-output>
        </test-method> <!-- AfterClass -->
      </class> <!-- tests.Test_Employee_Login -->
    </test> <!-- Test -->
  </suite> <!-- Suite -->
</testng-results>
